2025-07-18 02:35:14,648 - INFO - Loaded config. Default tickers: ['AAPL', 'MSFT', 'GOOG'], Strategy: SMA Crossover (50/200)
2025-07-18 02:35:23,041 - INFO - Application started.
2025-07-18 02:37:31,789 - INFO - Loaded config. Default tickers: ['AAPL', 'MSFT', 'GOOG'], Strategy: SMA Crossover (50/200)
2025-07-18 02:37:34,599 - INFO - Application started.
2025-07-18 02:39:24,966 - INFO - Loaded config. Default tickers: ['AAPL', 'MSFT', 'GOOG'], Strategy: SMA Crossover (50/200)
2025-07-18 02:39:29,005 - INFO - Application started.
2025-07-18 02:40:13,189 - INFO - Loaded config. Default tickers: ['AAPL', 'MSFT', 'GOOG'], Strategy: SMA Crossover (50/200)
2025-07-18 02:40:16,074 - INFO - Application started.
2025-07-18 02:40:33,981 - INFO - Loaded config. Default tickers: ['AAPL', 'MSFT', 'GOOG'], Strategy: SMA Crossover (50/200)
2025-07-18 02:40:36,732 - INFO - Application started.
2025-07-18 02:41:20,806 - INFO - Loaded config. Default tickers: ['AAPL', 'MSFT', 'GOOG'], Strategy: SMA Crossover (50/200)
2025-07-18 02:41:23,668 - INFO - Application started.
2025-07-18 02:43:34,670 - INFO - Loaded config. Default tickers: ['AAPL', 'MSFT', 'GOOG'], Strategy: SMA Crossover (50/200)
2025-07-18 02:43:37,381 - INFO - Application started.
2025-07-18 02:44:01,232 - INFO - Loaded config. Default tickers: ['AAPL', 'MSFT', 'GOOG'], Strategy: SMA Crossover (50/200)
2025-07-18 02:44:04,004 - INFO - Application started.
2025-07-18 02:44:22,281 - INFO - Loaded config. Default tickers: ['AAPL', 'MSFT', 'GOOG'], Strategy: SMA Crossover (50/200)
2025-07-18 02:44:25,097 - INFO - Application started.
2025-07-18 02:46:46,965 - INFO - Loaded config. Default tickers: ['AAPL', 'MSFT', 'GOOG'], Strategy: SMA Crossover (50/200)
2025-07-18 02:48:19,547 - INFO - Loaded config. Default tickers: ['AAPL', 'MSFT', 'GOOG'], Strategy: SMA Crossover (50/200)
2025-07-18 02:48:22,539 - INFO - Application started.
2025-07-18 02:49:29,445 - INFO - Loaded config. Default tickers: ['AAPL', 'MSFT', 'GOOG'], Strategy: SMA Crossover (50/200)
2025-07-18 02:49:32,642 - INFO - Application started.
2025-07-18 02:51:57,562 - INFO - Loaded config. Default tickers: ['AAPL', 'MSFT', 'GOOG'], Strategy: SMA Crossover (50/200)
2025-07-18 02:53:15,961 - INFO - Loaded config. Default tickers: ['AAPL', 'MSFT', 'GOOG'], Strategy: SMA Crossover (50/200)
2025-07-18 02:53:18,933 - INFO - Application started.
2025-07-18 02:55:05,002 - INFO - Loaded config. Default tickers: ['AAPL', 'MSFT', 'GOOG'], Strategy: SMA Crossover (50/200)
2025-07-18 02:55:07,809 - INFO - Application started.
2025-07-18 03:10:22,169 - INFO - Loaded config. Default tickers: ['AAPL', 'MSFT', 'GOOG'], Strategy: SMA Crossover (50/200)
2025-07-18 03:10:25,468 - INFO - Application started.
2025-07-18 03:12:37,719 - INFO - Loaded config. Default tickers: ['AAPL', 'MSFT', 'GOOG'], Strategy: SMA Crossover (50/200)
2025-07-18 03:12:40,778 - INFO - Application started.
2025-07-18 03:13:27,078 - INFO - Loaded config. Default tickers: ['AAPL', 'MSFT', 'GOOG'], Strategy: SMA Crossover (50/200)
2025-07-18 03:13:29,988 - INFO - Application started.
2025-07-18 03:14:59,845 - INFO - Loaded config. Default tickers: ['AAPL', 'MSFT', 'GOOG'], Strategy: SMA Crossover (50/200)
2025-07-18 03:15:02,778 - INFO - Application started.
2025-07-18 03:15:43,757 - INFO - Loaded config. Default tickers: ['AAPL', 'MSFT', 'GOOG'], Strategy: SMA Crossover (50/200)
2025-07-18 03:15:46,739 - INFO - Application started.
2025-07-20 15:29:39,476 - INFO - A iniciar aplicação de trading!
2025-07-20 15:31:48,272 - INFO - A iniciar aplicação de trading!
2025-07-20 15:31:49,753 - INFO - Obtendo dados históricos para AAPL
2025-07-20 15:31:52,212 - INFO - Aplicação iniciada com sucesso.
2025-07-20 15:44:28,206 - INFO - A iniciar aplicação de trading!
2025-07-20 15:44:29,695 - INFO - Obtendo dados históricos para AAPL
2025-07-20 15:44:30,978 - INFO - Aplicação iniciada com sucesso.
2025-07-20 15:47:00,199 - INFO - A iniciar aplicação de trading!
2025-07-20 15:47:02,586 - INFO - Obtendo dados históricos para AAPL
2025-07-20 15:47:03,902 - INFO - Aplicação iniciada com sucesso.
2025-07-20 15:47:05,685 - INFO - Obtendo dados históricos para FTFT
2025-07-20 15:47:07,885 - INFO - Obtendo dados históricos para RXRX
2025-07-20 15:47:11,550 - INFO - Obtendo dados históricos para GOOG
2025-07-20 15:47:14,235 - ERROR - Backtest error: 'GOOG'
2025-07-20 16:11:37,182 - INFO - A iniciar aplicação de trading!
2025-07-20 16:11:39,413 - INFO - Fetching historical data for AAPL
2025-07-20 16:11:40,694 - INFO - Aplicação iniciada com sucesso.
2025-07-20 16:11:42,931 - INFO - Fetching historical data for GOOG
2025-07-20 16:11:47,516 - ERROR - Backtest error: 'GOOG'
2025-07-20 16:11:51,239 - ERROR - Backtest error: 'GOOG'
2025-07-20 16:11:54,515 - INFO - Fetching historical data for FTFT
2025-07-20 16:11:56,918 - ERROR - Backtest error: 'FTFT'
2025-07-20 16:12:02,367 - ERROR - Backtest error: 'AAPL'
2025-07-20 16:12:26,487 - INFO - A iniciar aplicação de trading!
2025-07-20 16:12:28,660 - INFO - Fetching historical data for AAPL
2025-07-20 16:12:30,132 - INFO - Aplicação iniciada com sucesso.
2025-07-20 16:12:31,777 - INFO - Fetching historical data for GOOG
2025-07-20 16:12:35,045 - ERROR - Backtest error: 'GOOG'
2025-07-20 16:20:07,272 - INFO - A iniciar aplicação de trading!
2025-07-20 16:20:09,469 - INFO - Fetching historical data for AAPL
2025-07-20 16:20:10,717 - INFO - Aplicação iniciada com sucesso.
2025-07-20 16:20:14,755 - INFO - Fetching historical data for GOOG
2025-07-20 16:20:17,140 - ERROR - Backtest error: 'GOOG'
2025-07-20 16:23:34,894 - INFO - A iniciar aplicação de trading!
2025-07-20 16:23:37,097 - INFO - Fetching historical data for AAPL
2025-07-20 16:23:38,331 - INFO - Aplicação iniciada com sucesso.
2025-07-20 16:23:41,735 - INFO - Fetching historical data for GOOG
2025-07-20 16:24:02,551 - INFO - Fetching historical data for FTFT
2025-07-20 16:24:28,671 - INFO - Fetching historical data for RXRX
2025-07-20 16:24:36,551 - INFO - Fetching historical data for SOUN
2025-07-20 16:24:41,639 - INFO - Fetching historical data for MSFT
2025-07-20 16:25:17,973 - INFO - A iniciar aplicação de trading!
2025-07-20 16:25:20,356 - INFO - Fetching historical data for AAPL
2025-07-20 16:25:21,752 - INFO - Aplicação iniciada com sucesso.
2025-07-20 16:25:24,789 - INFO - Fetching historical data for FTFT
2025-07-20 16:30:51,365 - INFO - A iniciar aplicação de trading!
2025-07-20 16:30:54,112 - INFO - Fetching historical data for AAPL
2025-07-20 16:30:55,432 - INFO - Aplicação iniciada com sucesso.
2025-07-20 16:30:57,448 - INFO - Fetching historical data for AHCO
2025-07-20 16:33:21,784 - INFO - A iniciar aplicação de trading!
2025-07-20 16:33:28,385 - INFO - Fetching historical data for AAPL
2025-07-20 16:33:29,653 - INFO - Aplicação iniciada com sucesso.
2025-07-20 16:33:40,082 - INFO - Fetching historical data for RCAT
2025-07-20 16:33:59,179 - INFO - Fetching historical data for BBAI
2025-07-20 16:34:07,210 - INFO - Fetching historical data for COUR
2025-07-20 16:45:22,829 - INFO - A iniciar aplicação de trading!
2025-07-20 16:45:26,211 - INFO - Fetching historical data for AAPL
2025-07-20 16:45:27,600 - INFO - Aplicação iniciada com sucesso.
2025-07-20 17:00:38,514 - INFO - A iniciar aplicação de trading!
2025-07-20 17:00:41,964 - INFO - Fetching historical data for AAPL
2025-07-20 17:00:43,414 - INFO - Aplicação iniciada com sucesso.
2025-07-20 17:03:34,037 - INFO - A iniciar aplicação de trading!
2025-07-20 17:03:37,406 - INFO - Fetching historical data for AAPL
2025-07-20 17:03:38,652 - INFO - Aplicação iniciada com sucesso.
2025-07-20 17:03:55,191 - INFO - Fetching historical data for RCAT
2025-07-20 17:04:00,406 - INFO - Fetching historical data for BBAI
2025-07-20 17:04:04,967 - INFO - Fetching historical data for FTFT
2025-07-20 17:04:10,912 - INFO - Fetching historical data for RXRX
2025-07-20 17:04:15,279 - INFO - Fetching historical data for SOUN
2025-07-20 17:04:18,743 - INFO - Fetching historical data for AHCO
2025-07-20 17:04:51,263 - INFO - Fetching historical data for GOOG
2025-07-20 17:07:25,064 - INFO - Fetching historical data for COUR
2025-07-20 17:09:03,700 - INFO - A iniciar aplicação de trading!
2025-07-20 17:09:07,085 - INFO - Fetching historical data for AAPL
2025-07-20 17:09:08,369 - INFO - Aplicação iniciada com sucesso.
2025-07-20 17:09:10,529 - INFO - Fetching historical data for GOOG
2025-07-20 17:09:11,784 - INFO - Fetching historical data for FTFT
2025-07-20 17:10:37,209 - INFO - Fetching historical data for RXRX
2025-07-20 17:13:53,682 - INFO - Fetching historical data for RCAT
2025-07-20 17:14:05,082 - INFO - Fetching historical data for BBAI
2025-07-20 17:14:08,762 - INFO - Fetching historical data for COUR
2025-07-20 17:14:15,754 - INFO - Fetching historical data for ADCT
2025-07-20 17:14:24,154 - INFO - Fetching historical data for AHCO
2025-07-20 17:52:24,354 - INFO - A iniciar aplicação de trading!
2025-07-20 17:52:25,773 - INFO - Fetching historical data for AAPL
2025-07-20 18:00:18,252 - INFO - A iniciar aplicação de trading!
2025-07-20 18:00:19,700 - INFO - Fetching historical data for AAPL
2025-07-20 18:00:30,575 - INFO - A iniciar aplicação de trading!
2025-07-20 18:00:31,584 - INFO - Fetching historical data for AAPL
2025-07-20 18:05:59,830 - INFO - A iniciar aplicação de trading!
2025-07-20 18:06:01,020 - INFO - Fetching historical data for AAPL
2025-07-20 18:09:25,514 - INFO - A iniciar aplicação de trading!
2025-07-20 18:09:26,612 - INFO - Fetching historical data for AAPL
2025-07-20 18:12:09,965 - INFO - A iniciar aplicação de trading!
2025-07-20 18:12:11,123 - INFO - Fetching historical data for AAPL
2025-07-20 18:14:17,023 - INFO - A iniciar aplicação de trading!
2025-07-20 18:17:21,892 - INFO - A iniciar aplicação de trading!
2025-07-20 18:17:23,109 - INFO - Fetching historical data for AAPL
2025-07-20 18:20:11,545 - INFO - A iniciar aplicação de trading!
2025-07-20 18:20:12,731 - INFO - Fetching historical data for AAPL
2025-07-20 18:21:43,895 - INFO - A iniciar aplicação de trading!
2025-07-20 18:21:45,112 - INFO - Fetching historical data for AAPL
2025-07-20 18:21:46,035 - INFO - Aplicação iniciada com sucesso.
2025-07-20 18:22:48,899 - INFO - Fetching historical data for GOOG
2025-07-20 18:23:43,494 - INFO - A iniciar aplicação de trading!
2025-07-20 18:23:46,419 - INFO - Fetching historical data for AAPL
2025-07-20 18:23:47,318 - INFO - Aplicação iniciada com sucesso.
2025-07-20 18:23:49,035 - INFO - Fetching historical data for RCAT
2025-07-20 18:23:53,290 - INFO - Fetching historical data for BBAI
2025-07-20 18:24:04,330 - INFO - Fetching historical data for COUR
2025-07-20 18:24:08,194 - INFO - Fetching historical data for ADCT
2025-07-20 18:24:09,954 - INFO - Fetching historical data for AHCO
2025-07-20 18:24:12,042 - INFO - Fetching historical data for SOUN
2025-07-20 18:24:13,786 - INFO - Fetching historical data for RXRX
2025-07-20 18:28:21,020 - INFO - A iniciar aplicação de trading!
2025-07-20 18:28:24,107 - INFO - Fetching historical data for AAPL
2025-07-20 18:28:25,099 - INFO - Aplicação iniciada com sucesso.
2025-07-20 18:28:30,520 - INFO - Fetching historical data for RCAT
2025-07-20 18:28:45,864 - INFO - Fetching historical data for FTFT
2025-07-20 18:37:57,455 - INFO - A iniciar aplicação de trading!
2025-07-20 18:38:00,659 - INFO - Fetching historical data for AAPL
2025-07-20 18:38:01,781 - INFO - Aplicação iniciada com sucesso.
2025-07-20 18:38:04,986 - INFO - Fetching historical data for FTFT
2025-07-20 18:38:08,194 - INFO - Fetching historical data for RXRX
2025-07-20 18:38:15,186 - INFO - Fetching historical data for ADCT
2025-07-20 18:39:03,808 - INFO - A iniciar aplicação de trading!
2025-07-20 18:39:07,716 - INFO - Fetching historical data for AAPL
2025-07-20 18:39:08,654 - INFO - Aplicação iniciada com sucesso.
2025-07-20 18:39:10,905 - INFO - Fetching historical data for FTFT
2025-07-20 18:39:22,650 - INFO - Fetching historical data for SOUN
2025-07-20 18:39:24,449 - INFO - Fetching historical data for ADCT
2025-07-20 18:39:26,897 - INFO - Fetching historical data for RCAT
2025-07-20 18:41:00,128 - INFO - Fetching historical data for RXRX
2025-07-20 18:42:07,792 - INFO - A iniciar aplicação de trading!
2025-07-20 18:42:10,758 - INFO - Fetching historical data for AAPL
2025-07-20 18:42:11,695 - INFO - Aplicação iniciada com sucesso.
2025-07-20 18:42:13,576 - INFO - Fetching historical data for FTFT
2025-07-20 18:45:38,533 - INFO - A iniciar aplicação de trading!
2025-07-20 18:45:41,842 - INFO - Fetching historical data for AAPL
2025-07-20 18:45:42,770 - INFO - Aplicação iniciada com sucesso.
2025-07-20 19:05:51,206 - INFO - A iniciar aplicação de trading!
2025-07-20 19:35:00,572 - INFO - A iniciar aplicação de trading!
2025-07-20 19:35:04,376 - INFO - Fetching historical data for AAPL
2025-07-20 19:35:05,286 - INFO - Aplicação iniciada com sucesso.
2025-07-20 19:35:18,489 - INFO - Fetching historical data for FTFT
2025-07-20 19:35:30,985 - INFO - Fetching historical data for RCAT
2025-07-20 19:35:36,264 - INFO - Fetching historical data for BBAI
2025-07-20 19:35:38,281 - INFO - Fetching historical data for COUR
2025-07-20 19:35:42,408 - INFO - Fetching historical data for GOOG
2025-07-20 19:35:44,609 - INFO - Fetching historical data for AHCO
2025-07-20 19:37:19,128 - INFO - Fetching historical data for SOUN
2025-07-20 19:37:56,533 - INFO - A iniciar aplicação de trading!
2025-07-20 19:37:59,723 - INFO - Fetching historical data for AAPL
2025-07-20 19:38:00,812 - INFO - Aplicação iniciada com sucesso.
2025-07-20 19:38:05,088 - INFO - Fetching historical data for FTFT
2025-07-20 19:38:35,335 - INFO - Fetching historical data for RXRX
2025-07-20 19:38:54,015 - INFO - Fetching historical data for RCAT
2025-07-20 19:43:55,052 - INFO - Fetching historical data for BBAI
2025-07-20 19:44:49,716 - INFO - Fetching historical data for COUR
2025-07-20 19:44:59,500 - INFO - Fetching historical data for ADCT
2025-07-20 19:48:50,083 - INFO - Fetching historical data for AHCO
2025-07-20 19:48:57,793 - INFO - Fetching historical data for SOUN
2025-07-20 19:49:47,321 - INFO - Fetching historical data for GOOG
2025-07-20 19:52:21,817 - INFO - A iniciar aplicação de trading!
2025-07-20 19:52:24,927 - INFO - Fetching historical data for AAPL
2025-07-20 19:52:25,883 - INFO - Aplicação iniciada com sucesso.
2025-07-20 19:57:03,437 - INFO - A iniciar aplicação de trading!
2025-07-20 19:57:05,843 - INFO - Fetching historical data for FTFT
2025-07-20 19:57:06,907 - INFO - Aplicação iniciada com sucesso.
2025-07-20 19:57:09,861 - INFO - Fetching historical data for RXRX
2025-07-20 19:57:11,140 - INFO - Fetching historical data for SOUN
2025-07-20 19:57:12,597 - INFO - Fetching historical data for AHCO
2025-07-20 19:57:13,932 - INFO - Fetching historical data for ADCT
2025-07-20 19:57:15,941 - INFO - Fetching historical data for COUR
2025-07-20 19:57:17,221 - INFO - Fetching historical data for BBAI
2025-07-20 19:57:18,837 - INFO - Fetching historical data for RCAT
2025-07-20 20:16:50,469 - INFO - A iniciar aplicação de trading!
2025-07-20 20:16:53,534 - INFO - Fetching historical data for AAPL
2025-07-20 20:16:54,515 - INFO - Aplicação iniciada com sucesso.
2025-07-20 20:17:29,193 - INFO - Fetching historical data for FTFT
2025-07-20 20:18:07,745 - INFO - Fetching historical data for RXRX
2025-07-20 20:18:22,697 - INFO - Fetching historical data for RCAT
2025-07-21 20:12:43,505 - INFO - A iniciar aplicação de trading!
2025-07-21 20:12:46,810 - INFO - Fetching historical data for AAPL
2025-07-21 20:12:47,762 - INFO - Aplicação iniciada com sucesso.
2025-07-21 20:12:51,054 - INFO - Fetching historical data for FTFT
2025-07-22 00:01:34,652 - INFO - A iniciar aplicação de trading!
2025-07-22 00:01:37,578 - INFO - Fetching historical data for AAPL
2025-07-22 00:01:38,438 - INFO - Aplicação iniciada com sucesso.
2025-07-22 00:01:54,123 - ERROR - Erro na previsão IA: None
2025-07-22 00:02:02,369 - INFO - Fetching historical data for RCAT
2025-07-22 00:02:04,625 - INFO - Fetching historical data for BBAI
2025-07-22 00:02:06,536 - INFO - Fetching historical data for COUR
2025-07-22 00:02:11,529 - INFO - Fetching historical data for MSFT
2025-07-22 00:02:17,360 - INFO - Fetching historical data for GOOG
2025-07-22 00:02:27,928 - INFO - Fetching historical data for FTFT
2025-07-22 00:02:31,745 - INFO - Fetching historical data for RXRX
2025-07-22 00:02:36,785 - INFO - Fetching historical data for SOUN
2025-07-22 00:05:56,635 - INFO - A iniciar aplicação de trading!
2025-07-22 00:05:59,813 - INFO - Fetching historical data for AAPL
2025-07-22 00:06:00,756 - INFO - Aplicação iniciada com sucesso.
2025-07-22 00:13:10,049 - INFO - A iniciar aplicação de trading!
2025-07-22 00:13:13,049 - INFO - Fetching historical data for AAPL
2025-07-22 00:13:14,052 - INFO - Aplicação iniciada com sucesso.
2025-07-22 00:16:09,171 - INFO - A iniciar aplicação de trading!
2025-07-22 00:16:12,322 - INFO - Fetching historical data for AAPL
2025-07-22 00:16:13,279 - INFO - Aplicação iniciada com sucesso.
2025-07-22 00:16:29,657 - INFO - Fetching historical data for FTFT
2025-07-22 00:17:19,824 - INFO - A iniciar aplicação de trading!
2025-07-22 00:17:22,795 - INFO - Fetching historical data for AAPL
2025-07-22 00:17:23,711 - INFO - Aplicação iniciada com sucesso.
2025-07-22 00:20:31,635 - INFO - A iniciar aplicação de trading!
2025-07-22 00:20:34,849 - INFO - Fetching historical data for AAPL
2025-07-22 00:20:35,765 - INFO - Aplicação iniciada com sucesso.
2025-07-22 00:20:46,233 - ERROR - Erro na previsão IA: None
2025-07-22 00:24:34,544 - INFO - A iniciar aplicação de trading!
2025-07-22 00:24:37,609 - INFO - Fetching historical data for AAPL
2025-07-22 00:24:38,561 - INFO - Aplicação iniciada com sucesso.
2025-07-22 00:28:32,958 - INFO - A iniciar aplicação de trading!
2025-07-22 00:28:35,952 - INFO - Fetching historical data for AAPL
2025-07-22 00:28:36,813 - INFO - Aplicação iniciada com sucesso.
2025-07-22 00:28:57,160 - INFO - A iniciar aplicação de trading!
2025-07-22 00:28:59,617 - INFO - Fetching historical data for AAPL
2025-07-22 00:29:00,585 - INFO - Aplicação iniciada com sucesso.
2025-07-22 00:29:03,170 - INFO - Fetching historical data for FTFT
2025-07-22 00:31:54,715 - INFO - A iniciar aplicação de trading!
2025-07-22 00:31:57,550 - INFO - Fetching historical data for AAPL
2025-07-22 00:31:58,457 - INFO - Aplicação iniciada com sucesso.
2025-07-22 00:34:13,754 - INFO - A iniciar aplicação de trading!
2025-07-22 00:34:16,910 - INFO - Fetching historical data for AAPL
2025-07-22 00:34:17,804 - INFO - Aplicação iniciada com sucesso.
2025-07-22 00:34:28,778 - ERROR - Erro na previsão IA: cannot access local variable 'X_last' where it is not associated with a value
2025-07-22 00:56:58,445 - INFO - A iniciar aplicação de trading!
2025-07-22 00:57:01,396 - INFO - Fetching historical data for AAPL
2025-07-22 00:57:02,382 - INFO - Aplicação iniciada com sucesso.
2025-07-22 00:59:10,313 - INFO - A iniciar aplicação de trading!
2025-07-22 00:59:13,272 - INFO - Fetching historical data for AAPL
2025-07-22 00:59:14,148 - INFO - Aplicação iniciada com sucesso.
2025-07-22 00:59:25,008 - INFO - Fetching historical data for FTFT
2025-07-22 01:00:24,834 - INFO - A iniciar aplicação de trading!
2025-07-22 01:00:27,881 - INFO - Fetching historical data for AAPL
2025-07-22 01:00:28,821 - INFO - Aplicação iniciada com sucesso.
2025-07-22 01:01:02,704 - INFO - Fetching historical data for MSFT
2025-07-22 01:07:57,893 - INFO - Fetching historical data for FTFT
2025-07-22 01:09:54,871 - INFO - A iniciar aplicação de trading!
2025-07-22 01:09:57,831 - INFO - Fetching historical data for AAPL
2025-07-22 01:09:58,733 - INFO - Aplicação iniciada com sucesso.
2025-07-22 01:10:06,509 - ERROR - Erro na previsão IA: 'MainWindow' object has no attribute 'dica_de_ouro'
2025-07-22 01:10:50,877 - INFO - A iniciar aplicação de trading!
2025-07-22 01:10:53,813 - INFO - Fetching historical data for AAPL
2025-07-22 01:10:54,699 - INFO - Aplicação iniciada com sucesso.
2025-07-22 01:10:59,782 - ERROR - Erro na previsão IA: 'MainWindow' object has no attribute 'dica_de_ouro'
2025-07-22 01:11:02,867 - ERROR - Erro na previsão IA: 'MainWindow' object has no attribute 'dica_de_ouro'
2025-07-22 01:11:17,923 - ERROR - Erro na previsão IA: 'MainWindow' object has no attribute 'dica_de_ouro'
2025-07-22 01:13:34,172 - INFO - A iniciar aplicação de trading!
2025-07-22 01:13:37,207 - INFO - Fetching historical data for AAPL
2025-07-22 01:13:38,161 - INFO - Aplicação iniciada com sucesso.
2025-07-22 01:14:01,568 - INFO - Fetching historical data for MSFT
2025-07-22 01:15:07,351 - INFO - Fetching historical data for RCAT
2025-07-22 01:15:27,319 - INFO - Fetching historical data for BBAI
2025-07-22 01:26:28,714 - INFO - A iniciar aplicação de trading!
2025-07-22 01:29:11,142 - INFO - A iniciar aplicação de trading!
2025-07-22 01:29:14,096 - INFO - Fetching historical data for AAPL
2025-07-22 01:30:01,731 - INFO - A iniciar aplicação de trading!
2025-07-22 01:30:04,722 - INFO - Fetching historical data for AAPL
2025-07-22 01:30:05,678 - INFO - Aplicação iniciada com sucesso.
2025-07-22 01:30:09,974 - INFO - Fetching historical data for MSFT
2025-07-22 01:30:12,078 - INFO - Fetching historical data for GOOG
2025-07-22 01:32:29,007 - INFO - Fetching historical data for FTFT
2025-07-22 01:32:31,149 - INFO - Fetching historical data for RXRX
2025-07-22 01:32:32,757 - INFO - Fetching historical data for SOUN
2025-07-22 01:32:43,541 - INFO - Fetching historical data for RCAT
2025-07-22 01:32:46,301 - INFO - Fetching historical data for BBAI
2025-07-22 01:32:49,141 - INFO - Fetching historical data for COUR
2025-07-22 01:35:28,945 - INFO - A iniciar aplicação de trading!
2025-07-22 01:35:32,033 - INFO - Fetching historical data for AAPL
2025-07-22 01:35:33,013 - INFO - Aplicação iniciada com sucesso.
2025-07-22 01:35:35,844 - INFO - Fetching historical data for FTFT
2025-07-22 01:36:36,212 - INFO - A iniciar aplicação de trading!
2025-07-22 01:36:39,143 - INFO - Fetching historical data for AAPL
2025-07-22 01:36:40,100 - INFO - Aplicação iniciada com sucesso.
2025-07-22 01:36:43,171 - INFO - Fetching historical data for FTFT
2025-07-22 01:37:14,559 - ERROR - Erro na previsão IA: None
2025-07-22 01:38:18,791 - INFO - Fetching historical data for FTFT
2025-07-22 01:38:21,107 - INFO - Fetching historical data for FTFT
2025-07-22 01:38:23,548 - INFO - Fetching historical data for FTFT
2025-07-22 01:38:25,830 - INFO - Fetching historical data for FTFT
2025-07-23 00:43:04,861 - INFO - A iniciar aplicação de trading!
2025-07-23 00:43:07,737 - INFO - Fetching historical data for AAPL
2025-07-23 00:43:08,553 - INFO - Aplicação iniciada com sucesso.
2025-07-23 00:43:17,502 - INFO - Fetching historical data for MSFT
2025-07-23 00:50:49,953 - INFO - A iniciar aplicação de trading!
2025-07-23 00:51:20,110 - INFO - A iniciar aplicação de trading!
2025-07-23 00:52:09,253 - INFO - A iniciar aplicação de trading!
2025-07-23 00:54:57,302 - INFO - A iniciar aplicação de trading!
2025-07-23 00:55:00,359 - INFO - Fetching historical data for AAPL
2025-07-23 00:55:01,230 - INFO - Aplicação iniciada com sucesso.
2025-07-23 00:56:42,269 - INFO - A iniciar aplicação de trading!
2025-07-23 00:56:45,164 - INFO - Fetching historical data for AAPL
2025-07-23 00:56:45,965 - INFO - Aplicação iniciada com sucesso.
2025-07-23 00:56:58,390 - INFO - Fetching historical data for FTFT
2025-07-23 01:47:23,650 - INFO - A iniciar aplicação de trading!
2025-07-23 01:47:26,633 - INFO - Fetching historical data for AAPL
2025-07-23 01:47:27,531 - INFO - Aplicação iniciada com sucesso.
2025-07-23 01:47:37,057 - INFO - Fetching historical data for FTFT
2025-07-23 01:47:49,873 - INFO - Fetching historical data for RCAT
2025-07-23 01:48:44,777 - INFO - Fetching historical data for BBAI
2025-07-23 01:50:13,239 - INFO - Fetching historical data for COUR
2025-07-23 01:53:30,564 - INFO - A iniciar aplicação de trading!
2025-07-23 01:53:33,413 - INFO - Fetching historical data for AAPL
2025-07-23 01:53:34,209 - INFO - Aplicação iniciada com sucesso.
2025-07-23 01:53:43,445 - INFO - Fetching historical data for FTFT
2025-07-23 01:55:15,956 - INFO - Fetching historical data for RCAT
2025-07-23 01:55:18,525 - INFO - Fetching historical data for BBAI
2025-07-23 01:55:45,260 - INFO - Fetching historical data for COUR
2025-07-23 01:56:02,180 - INFO - Fetching historical data for AHCO
2025-07-23 01:56:03,668 - INFO - Fetching historical data for ADCT
2025-07-23 01:56:27,940 - INFO - Fetching historical data for SOUN
2025-07-23 01:56:49,988 - INFO - Fetching historical data for RXRX
2025-07-23 01:57:12,404 - INFO - Fetching historical data for GOOG
2025-07-23 01:57:26,331 - INFO - Fetching historical data for MSFT
2025-07-23 02:10:35,354 - INFO - A iniciar aplicação de trading!
2025-07-23 02:10:38,565 - INFO - Fetching historical data for AAPL
2025-07-23 02:11:05,494 - INFO - A iniciar aplicação de trading!
2025-07-23 02:11:08,266 - INFO - Fetching historical data for AAPL
2025-07-23 02:11:09,079 - INFO - Aplicação iniciada com sucesso.
2025-07-23 02:14:48,572 - INFO - A iniciar aplicação de trading!
2025-07-23 02:19:36,446 - INFO - A iniciar aplicação de trading!
2025-07-23 02:19:39,312 - INFO - Fetching historical data for AAPL
2025-07-23 02:19:40,119 - INFO - Aplicação iniciada com sucesso.
2025-07-23 02:20:12,011 - INFO - A iniciar aplicação de trading!
2025-07-23 02:20:14,952 - INFO - Fetching historical data for AAPL
2025-07-23 02:20:15,852 - INFO - Aplicação iniciada com sucesso.
2025-07-23 02:22:11,706 - INFO - A iniciar aplicação de trading!
2025-07-23 02:22:14,602 - INFO - Fetching historical data for AAPL
2025-07-23 02:22:15,474 - INFO - Aplicação iniciada com sucesso.
2025-07-23 02:22:22,389 - INFO - Fetching historical data for FTFT
2025-07-23 02:22:23,044 - INFO - Fetching historical data for RXRX
2025-07-23 02:22:23,655 - INFO - Fetching historical data for AHCO
2025-07-23 02:22:24,283 - INFO - Fetching historical data for ADCT
2025-07-23 02:22:25,604 - INFO - Fetching historical data for RCAT
2025-07-23 02:22:27,532 - INFO - Fetching historical data for BBAI
2025-07-23 02:22:28,469 - INFO - Fetching historical data for COUR
2025-07-23 02:22:32,572 - INFO - Fetching historical data for SOUN
2025-07-23 23:52:00,288 - INFO - A iniciar aplicação de trading!
2025-07-23 23:52:03,328 - INFO - Fetching historical data for AAPL
2025-07-23 23:52:04,229 - INFO - Aplicação iniciada com sucesso.
2025-07-23 23:52:10,742 - INFO - Fetching historical data for MSFT
2025-07-23 23:52:12,294 - INFO - Fetching historical data for GOOG
2025-07-23 23:52:14,790 - INFO - Fetching historical data for FTFT
2025-07-23 23:53:04,656 - INFO - Fetching historical data for RXRX
2025-07-23 23:54:01,063 - INFO - Fetching historical data for BBAI
2025-07-23 23:54:28,007 - INFO - Fetching historical data for COUR
2025-07-23 23:56:11,085 - INFO - A iniciar aplicação de trading!
2025-07-23 23:56:14,158 - INFO - Fetching historical data for AAPL
2025-07-23 23:56:15,057 - INFO - Aplicação iniciada com sucesso.
2025-07-23 23:56:17,700 - INFO - Fetching historical data for ISSC
2025-07-23 23:56:27,477 - ERROR - Backtest error: 'MainWindow' object has no attribute 'strategy'
2025-07-23 23:56:31,397 - ERROR - Backtest error: 'MainWindow' object has no attribute 'strategy'
2025-07-23 23:58:02,708 - INFO - Fetching historical data for GOOG
2025-07-24 00:01:18,880 - INFO - A iniciar aplicação de trading!
2025-07-24 00:01:22,372 - INFO - Fetching historical data for AAPL
2025-07-24 00:01:23,178 - INFO - Aplicação iniciada com sucesso.
2025-07-24 00:01:24,857 - INFO - Fetching historical data for PLTR
2025-07-24 00:02:27,250 - INFO - Fetching historical data for SOUN
2025-07-24 00:03:44,025 - INFO - A iniciar aplicação de trading!
2025-07-24 00:03:47,735 - INFO - Fetching historical data for AAPL
2025-07-24 00:03:48,585 - INFO - Aplicação iniciada com sucesso.
2025-07-24 00:03:50,032 - INFO - Fetching historical data for DCO
2025-07-24 00:04:53,449 - INFO - Fetching historical data for AHCO
2025-07-24 00:05:10,855 - INFO - Fetching historical data for SOUN
2025-07-24 00:05:20,383 - INFO - Fetching historical data for ADCT
2025-07-24 00:07:02,220 - INFO - A iniciar aplicação de trading!
2025-07-24 00:07:06,013 - INFO - Fetching historical data for AAPL
2025-07-24 00:07:06,819 - INFO - Aplicação iniciada com sucesso.
2025-07-24 00:07:09,062 - INFO - Fetching historical data for NVDA
2025-07-24 00:08:05,702 - INFO - Fetching historical data for ADCT
2025-07-24 00:11:19,067 - INFO - A iniciar aplicação de trading!
2025-07-24 00:11:23,193 - INFO - Fetching historical data for AAPL
2025-07-24 00:11:24,064 - INFO - Aplicação iniciada com sucesso.
2025-07-24 00:11:36,235 - INFO - Fetching historical data for DG
2025-07-24 00:12:42,636 - INFO - A iniciar aplicação de trading!
2025-07-24 00:12:47,545 - INFO - Fetching historical data for AAPL
2025-07-24 00:12:48,465 - INFO - Aplicação iniciada com sucesso.
2025-07-24 00:12:50,059 - INFO - Fetching historical data for GD
2025-07-24 00:15:02,995 - INFO - Fetching historical data for RCAT
2025-07-24 00:19:01,489 - INFO - Fetching historical data for FTFT
2025-07-24 00:23:51,934 - INFO - Fetching historical data for RXRX
2025-07-24 00:24:44,988 - INFO - Fetching historical data for SOUN
2025-07-24 13:42:48,673 - INFO - A iniciar aplicação de trading!
2025-07-24 13:42:53,520 - INFO - Fetching historical data for AAPL
2025-07-24 13:42:54,369 - INFO - Aplicação iniciada com sucesso.
2025-07-26 19:09:34,499 - INFO - A iniciar aplicação de trading!
2025-07-26 19:10:55,313 - INFO - A iniciar aplicação de trading!
2025-07-26 19:11:00,074 - INFO - Fetching historical data for AAPL
2025-07-26 19:11:01,238 - INFO - Aplicação iniciada com sucesso.
2025-07-26 19:11:12,277 - INFO - Fetching historical data for FTFT
2025-07-26 19:11:15,349 - INFO - Fetching historical data for RXRX
2025-07-26 19:11:34,925 - INFO - Fetching historical data for GOOG
2025-07-26 19:14:11,706 - INFO - Fetching historical data for MSFT
2025-07-26 19:14:12,123 - INFO - Fetching historical data for AMZN
2025-07-26 19:14:12,488 - INFO - Fetching historical data for META
2025-07-26 19:14:12,933 - INFO - Fetching historical data for TSLA
2025-07-26 19:14:13,356 - INFO - Fetching historical data for ORCL
2025-07-26 19:14:13,788 - INFO - Fetching historical data for JPM
2025-07-26 19:14:14,290 - INFO - Fetching historical data for V
2025-07-26 19:14:14,671 - INFO - Fetching historical data for MA
2025-07-26 19:14:15,094 - INFO - Fetching historical data for BRK-B
2025-07-26 19:14:15,505 - INFO - Fetching historical data for PG
2025-07-26 19:14:16,059 - INFO - Fetching historical data for KO
2025-07-26 19:14:16,582 - INFO - Fetching historical data for DIS
2025-07-26 19:14:17,054 - INFO - Fetching historical data for PEP
2025-07-26 19:14:17,535 - INFO - Fetching historical data for NFLX
